d:\documents\visual studio\repos\trend_detection_console_app\trend_detection\debug\trend_detection.pch
d:\documents\visual studio\repos\trend_detection_console_app\trend_detection\debug\vc141.pdb
d:\documents\visual studio\repos\trend_detection_console_app\trend_detection\debug\vc141.idb
d:\documents\visual studio\repos\trend_detection_console_app\trend_detection\debug\stdafx.obj
d:\documents\visual studio\repos\trend_detection_console_app\trend_detection\debug\weighteddatatemplates.obj
d:\documents\visual studio\repos\trend_detection_console_app\trend_detection\debug\trend_detection.obj
d:\documents\visual studio\repos\trend_detection_console_app\trend_detection\debug\dllmain.obj
d:\documents\visual studio\repos\trend_detection_console_app\trend_detection\debug\distancemeasures.obj
d:\documents\visual studio\repos\trend_detection_console_app\debug\trend_detection.ilk
d:\documents\visual studio\repos\trend_detection_console_app\debug\trend_detection.dll
d:\documents\visual studio\repos\trend_detection_console_app\debug\trend_detection.pdb
d:\documents\visual studio\repos\trend_detection_console_app\debug\trend_detection.lib
d:\documents\visual studio\repos\trend_detection_console_app\debug\trend_detection.exp
d:\documents\visual studio\repos\trend_detection_console_app\trend_detection\debug\trend_detection.tlog\cl.command.1.tlog
d:\documents\visual studio\repos\trend_detection_console_app\trend_detection\debug\trend_detection.tlog\cl.read.1.tlog
d:\documents\visual studio\repos\trend_detection_console_app\trend_detection\debug\trend_detection.tlog\cl.write.1.tlog
d:\documents\visual studio\repos\trend_detection_console_app\trend_detection\debug\trend_detection.tlog\link.command.1.tlog
d:\documents\visual studio\repos\trend_detection_console_app\trend_detection\debug\trend_detection.tlog\link.read.1.tlog
d:\documents\visual studio\repos\trend_detection_console_app\trend_detection\debug\trend_detection.tlog\link.write.1.tlog
d:\documents\visual studio\repos\trend_detection_console_app\trend_detection\debug\trend_detection.tlog\trend_detection.write.1u.tlog
